2024-09-02 10:52:01 [py.warnings] WARNING: /home/jevonx/Documents/Projects/scrapy_mongodb/venv/lib/python3.12/site-packages/pymongo/ocsp_support.py:280: CryptographyDeprecationWarning: Properties that return a naïve datetime object have been deprecated. Please switch to this_update_utc.
  if response.this_update > now:

2024-09-02 10:52:01 [py.warnings] WARNING: /home/jevonx/Documents/Projects/scrapy_mongodb/venv/lib/python3.12/site-packages/pymongo/ocsp_support.py:284: CryptographyDeprecationWarning: Properties that return a naïve datetime object have been deprecated. Please switch to next_update_utc.
  if response.next_update and response.next_update < now:

2024-09-02 10:52:01 [py.warnings] WARNING: /home/jevonx/Documents/Projects/scrapy_mongodb/venv/lib/python3.12/site-packages/pymongo/ocsp_cache.py:65: CryptographyDeprecationWarning: Properties that return a naïve datetime object have been deprecated. Please switch to next_update_utc.
  if value.next_update is None:

2024-09-02 10:52:01 [py.warnings] WARNING: /home/jevonx/Documents/Projects/scrapy_mongodb/venv/lib/python3.12/site-packages/pymongo/ocsp_cache.py:71: CryptographyDeprecationWarning: Properties that return a naïve datetime object have been deprecated. Please switch to this_update_utc.
  value.this_update

2024-09-02 10:52:01 [py.warnings] WARNING: /home/jevonx/Documents/Projects/scrapy_mongodb/venv/lib/python3.12/site-packages/pymongo/ocsp_cache.py:73: CryptographyDeprecationWarning: Properties that return a naïve datetime object have been deprecated. Please switch to next_update_utc.
  < value.next_update

2024-09-02 10:52:01 [py.warnings] WARNING: /home/jevonx/Documents/Projects/scrapy_mongodb/venv/lib/python3.12/site-packages/pymongo/ocsp_cache.py:81: CryptographyDeprecationWarning: Properties that return a naïve datetime object have been deprecated. Please switch to next_update_utc.
  cached_value.next_update is not None

2024-09-02 10:52:01 [py.warnings] WARNING: /home/jevonx/Documents/Projects/scrapy_mongodb/venv/lib/python3.12/site-packages/pymongo/ocsp_cache.py:82: CryptographyDeprecationWarning: Properties that return a naïve datetime object have been deprecated. Please switch to next_update_utc.
  and cached_value.next_update < value.next_update

2024-09-02 10:52:01 [py.warnings] WARNING: /home/jevonx/Documents/Projects/scrapy_mongodb/venv/lib/python3.12/site-packages/pymongo/ocsp_cache.py:98: CryptographyDeprecationWarning: Properties that return a naïve datetime object have been deprecated. Please switch to this_update_utc.
  assert value.this_update is not None

2024-09-02 10:52:01 [py.warnings] WARNING: /home/jevonx/Documents/Projects/scrapy_mongodb/venv/lib/python3.12/site-packages/pymongo/ocsp_cache.py:99: CryptographyDeprecationWarning: Properties that return a naïve datetime object have been deprecated. Please switch to next_update_utc.
  assert value.next_update is not None

2024-09-02 10:52:01 [py.warnings] WARNING: /home/jevonx/Documents/Projects/scrapy_mongodb/venv/lib/python3.12/site-packages/pymongo/ocsp_cache.py:101: CryptographyDeprecationWarning: Properties that return a naïve datetime object have been deprecated. Please switch to this_update_utc.
  value.this_update

2024-09-02 10:52:01 [py.warnings] WARNING: /home/jevonx/Documents/Projects/scrapy_mongodb/venv/lib/python3.12/site-packages/pymongo/ocsp_cache.py:103: CryptographyDeprecationWarning: Properties that return a naïve datetime object have been deprecated. Please switch to next_update_utc.
  < value.next_update

2024-09-02 10:52:01 [scrapy.core.scraper] WARNING: Dropped: Duplicate item found: {'author': 'Albert Einstein',
 'identifier': '$Albert Einstein:“The world as we have created it is a process '
               'of our thinking. It cannot be changed without changing our '
               'thinking.”',
 'qoute': '“The world as we have created it is a process of our thinking. It '
          'cannot be changed without changing our thinking.”'}
{'author': 'Albert Einstein',
 'identifier': '$Albert Einstein:“The world as we have created it is a process '
               'of our thinking. It cannot be changed without changing our '
               'thinking.”',
 'qoute': '“The world as we have created it is a process of our thinking. It '
          'cannot be changed without changing our thinking.”'}
2024-09-02 10:52:01 [scrapy.core.scraper] WARNING: Dropped: Duplicate item found: {'author': 'J.K. Rowling',
 'identifier': '$J.K. Rowling:“It is our choices, Harry, that show what we '
               'truly are, far more than our abilities.”',
 'qoute': '“It is our choices, Harry, that show what we truly are, far more '
          'than our abilities.”'}
{'author': 'J.K. Rowling',
 'identifier': '$J.K. Rowling:“It is our choices, Harry, that show what we '
               'truly are, far more than our abilities.”',
 'qoute': '“It is our choices, Harry, that show what we truly are, far more '
          'than our abilities.”'}
2024-09-02 10:52:01 [scrapy.core.scraper] WARNING: Dropped: Duplicate item found: {'author': 'Albert Einstein',
 'identifier': '$Albert Einstein:“There are only two ways to live your life. '
               'One is as though nothing is a miracle. The other is as though '
               'everything is a miracle.”',
 'qoute': '“There are only two ways to live your life. One is as though '
          'nothing is a miracle. The other is as though everything is a '
          'miracle.”'}
{'author': 'Albert Einstein',
 'identifier': '$Albert Einstein:“There are only two ways to live your life. '
               'One is as though nothing is a miracle. The other is as though '
               'everything is a miracle.”',
 'qoute': '“There are only two ways to live your life. One is as though '
          'nothing is a miracle. The other is as though everything is a '
          'miracle.”'}
2024-09-02 10:52:01 [scrapy.core.scraper] WARNING: Dropped: Duplicate item found: {'author': 'Jane Austen',
 'identifier': '$Jane Austen:“The person, be it gentleman or lady, who has not '
               'pleasure in a good novel, must be intolerably stupid.”',
 'qoute': '“The person, be it gentleman or lady, who has not pleasure in a '
          'good novel, must be intolerably stupid.”'}
{'author': 'Jane Austen',
 'identifier': '$Jane Austen:“The person, be it gentleman or lady, who has not '
               'pleasure in a good novel, must be intolerably stupid.”',
 'qoute': '“The person, be it gentleman or lady, who has not pleasure in a '
          'good novel, must be intolerably stupid.”'}
2024-09-02 10:52:01 [scrapy.core.scraper] WARNING: Dropped: Duplicate item found: {'author': 'Marilyn Monroe',
 'identifier': '$Marilyn Monroe:“Imperfection is beauty, madness is genius and '
               "it's better to be absolutely ridiculous than absolutely "
               'boring.”',
 'qoute': "“Imperfection is beauty, madness is genius and it's better to be "
          'absolutely ridiculous than absolutely boring.”'}
{'author': 'Marilyn Monroe',
 'identifier': '$Marilyn Monroe:“Imperfection is beauty, madness is genius and '
               "it's better to be absolutely ridiculous than absolutely "
               'boring.”',
 'qoute': "“Imperfection is beauty, madness is genius and it's better to be "
          'absolutely ridiculous than absolutely boring.”'}
2024-09-02 10:52:01 [scrapy.core.scraper] WARNING: Dropped: Duplicate item found: {'author': 'Albert Einstein',
 'identifier': '$Albert Einstein:“Try not to become a man of success. Rather '
               'become a man of value.”',
 'qoute': '“Try not to become a man of success. Rather become a man of value.”'}
{'author': 'Albert Einstein',
 'identifier': '$Albert Einstein:“Try not to become a man of success. Rather '
               'become a man of value.”',
 'qoute': '“Try not to become a man of success. Rather become a man of value.”'}
2024-09-02 10:52:02 [scrapy.core.scraper] WARNING: Dropped: Duplicate item found: {'author': 'André Gide',
 'identifier': '$André Gide:“It is better to be hated for what you are than to '
               'be loved for what you are not.”',
 'qoute': '“It is better to be hated for what you are than to be loved for '
          'what you are not.”'}
{'author': 'André Gide',
 'identifier': '$André Gide:“It is better to be hated for what you are than to '
               'be loved for what you are not.”',
 'qoute': '“It is better to be hated for what you are than to be loved for '
          'what you are not.”'}
2024-09-02 10:52:02 [scrapy.core.scraper] WARNING: Dropped: Duplicate item found: {'author': 'Thomas A. Edison',
 'identifier': "$Thomas A. Edison:“I have not failed. I've just found 10,000 "
               "ways that won't work.”",
 'qoute': "“I have not failed. I've just found 10,000 ways that won't work.”"}
{'author': 'Thomas A. Edison',
 'identifier': "$Thomas A. Edison:“I have not failed. I've just found 10,000 "
               "ways that won't work.”",
 'qoute': "“I have not failed. I've just found 10,000 ways that won't work.”"}
2024-09-02 10:52:02 [scrapy.core.scraper] WARNING: Dropped: Duplicate item found: {'author': 'Eleanor Roosevelt',
 'identifier': '$Eleanor Roosevelt:“A woman is like a tea bag; you never know '
               "how strong it is until it's in hot water.”",
 'qoute': '“A woman is like a tea bag; you never know how strong it is until '
          "it's in hot water.”"}
{'author': 'Eleanor Roosevelt',
 'identifier': '$Eleanor Roosevelt:“A woman is like a tea bag; you never know '
               "how strong it is until it's in hot water.”",
 'qoute': '“A woman is like a tea bag; you never know how strong it is until '
          "it's in hot water.”"}
2024-09-02 10:52:02 [scrapy.core.scraper] WARNING: Dropped: Duplicate item found: {'author': 'Steve Martin',
 'identifier': '$Steve Martin:“A day without sunshine is like, you know, '
               'night.”',
 'qoute': '“A day without sunshine is like, you know, night.”'}
{'author': 'Steve Martin',
 'identifier': '$Steve Martin:“A day without sunshine is like, you know, '
               'night.”',
 'qoute': '“A day without sunshine is like, you know, night.”'}
2024-09-02 10:52:02 [scrapy.core.scraper] WARNING: Dropped: Duplicate item found: {'author': 'Marilyn Monroe',
 'identifier': '$Marilyn Monroe:“This life is what you make it. No matter '
               "what, you're going to mess up sometimes, it's a universal "
               "truth. But the good part is you get to decide how you're going "
               "to mess it up. Girls will be your friends - they'll act like "
               'it anyway. But just remember, some come, some go. The ones '
               "that stay with you through everything - they're your true best "
               "friends. Don't let go of them. Also remember, sisters make the "
               "best friends in the world. As for lovers, well, they'll come "
               'and go too. And baby, I hate to say it, most of them - '
               'actually pretty much all of them are going to break your '
               "heart, but you can't give up because if you give up, you'll "
               "never find your soulmate. You'll never find that half who "
               'makes you whole and that goes for everything. Just because you '
               "fail once, doesn't mean you're gonna fail at everything. Keep "
               'trying, hold on, and always, always, always believe in '
               "yourself, because if you don't, then who will, sweetie? So "
               'keep your head high, keep your chin up, and most importantly, '
               "keep smiling, because life's a beautiful thing and there's so "
               'much to smile about.”',
 'qoute': "“This life is what you make it. No matter what, you're going to "
          "mess up sometimes, it's a universal truth. But the good part is you "
          "get to decide how you're going to mess it up. Girls will be your "
          "friends - they'll act like it anyway. But just remember, some come, "
          "some go. The ones that stay with you through everything - they're "
          "your true best friends. Don't let go of them. Also remember, "
          'sisters make the best friends in the world. As for lovers, well, '
          "they'll come and go too. And baby, I hate to say it, most of them - "
          'actually pretty much all of them are going to break your heart, but '
          "you can't give up because if you give up, you'll never find your "
          "soulmate. You'll never find that half who makes you whole and that "
          "goes for everything. Just because you fail once, doesn't mean "
          "you're gonna fail at everything. Keep trying, hold on, and always, "
          "always, always believe in yourself, because if you don't, then who "
          'will, sweetie? So keep your head high, keep your chin up, and most '
          "importantly, keep smiling, because life's a beautiful thing and "
          "there's so much to smile about.”"}
{'author': 'Marilyn Monroe',
 'identifier': '$Marilyn Monroe:“This life is what you make it. No matter '
               "what, you're going to mess up sometimes, it's a universal "
               "truth. But the good part is you get to decide how you're going "
               "to mess it up. Girls will be your friends - they'll act like "
               'it anyway. But just remember, some come, some go. The ones '
               "that stay with you through everything - they're your true best "
               "friends. Don't let go of them. Also remember, sisters make the "
               "best friends in the world. As for lovers, well, they'll come "
               'and go too. And baby, I hate to say it, most of them - '
               'actually pretty much all of them are going to break your '
               "heart, but you can't give up because if you give up, you'll "
               "never find your soulmate. You'll never find that half who "
               'makes you whole and that goes for everything. Just because you '
               "fail once, doesn't mean you're gonna fail at everything. Keep "
               'trying, hold on, and always, always, always believe in '
               "yourself, because if you don't, then who will, sweetie? So "
               'keep your head high, keep your chin up, and most importantly, '
               "keep smiling, because life's a beautiful thing and there's so "
               'much to smile about.”',
 'qoute': "“This life is what you make it. No matter what, you're going to "
          "mess up sometimes, it's a universal truth. But the good part is you "
          "get to decide how you're going to mess it up. Girls will be your "
          "friends - they'll act like it anyway. But just remember, some come, "
          "some go. The ones that stay with you through everything - they're "
          "your true best friends. Don't let go of them. Also remember, "
          'sisters make the best friends in the world. As for lovers, well, '
          "they'll come and go too. And baby, I hate to say it, most of them - "
          'actually pretty much all of them are going to break your heart, but '
          "you can't give up because if you give up, you'll never find your "
          "soulmate. You'll never find that half who makes you whole and that "
          "goes for everything. Just because you fail once, doesn't mean "
          "you're gonna fail at everything. Keep trying, hold on, and always, "
          "always, always believe in yourself, because if you don't, then who "
          'will, sweetie? So keep your head high, keep your chin up, and most '
          "importantly, keep smiling, because life's a beautiful thing and "
          "there's so much to smile about.”"}
2024-09-02 10:52:02 [scrapy.core.scraper] WARNING: Dropped: Duplicate item found: {'author': 'J.K. Rowling',
 'identifier': '$J.K. Rowling:“It takes a great deal of bravery to stand up to '
               'our enemies, but just as much to stand up to our friends.”',
 'qoute': '“It takes a great deal of bravery to stand up to our enemies, but '
          'just as much to stand up to our friends.”'}
{'author': 'J.K. Rowling',
 'identifier': '$J.K. Rowling:“It takes a great deal of bravery to stand up to '
               'our enemies, but just as much to stand up to our friends.”',
 'qoute': '“It takes a great deal of bravery to stand up to our enemies, but '
          'just as much to stand up to our friends.”'}
2024-09-02 10:52:02 [scrapy.core.scraper] WARNING: Dropped: Duplicate item found: {'author': 'Albert Einstein',
 'identifier': "$Albert Einstein:“If you can't explain it to a six year old, "
               "you don't understand it yourself.”",
 'qoute': "“If you can't explain it to a six year old, you don't understand it "
          'yourself.”'}
{'author': 'Albert Einstein',
 'identifier': "$Albert Einstein:“If you can't explain it to a six year old, "
               "you don't understand it yourself.”",
 'qoute': "“If you can't explain it to a six year old, you don't understand it "
          'yourself.”'}
2024-09-02 10:52:02 [scrapy.core.scraper] WARNING: Dropped: Duplicate item found: {'author': 'Bob Marley',
 'identifier': '$Bob Marley:“You may not be her first, her last, or her only. '
               'She loved before she may love again. But if she loves you now, '
               "what else matters? She's not perfect—you aren't either, and "
               'the two of you may never be perfect together but if she can '
               'make you laugh, cause you to think twice, and admit to being '
               'human and making mistakes, hold onto her and give her the most '
               'you can. She may not be thinking about you every second of the '
               'day, but she will give you a part of her that she knows you '
               "can break—her heart. So don't hurt her, don't change her, "
               "don't analyze and don't expect more than she can give. Smile "
               'when she makes you happy, let her know when she makes you mad, '
               "and miss her when she's not there.”",
 'qoute': '“You may not be her first, her last, or her only. She loved before '
          'she may love again. But if she loves you now, what else matters? '
          "She's not perfect—you aren't either, and the two of you may never "
          'be perfect together but if she can make you laugh, cause you to '
          'think twice, and admit to being human and making mistakes, hold '
          'onto her and give her the most you can. She may not be thinking '
          'about you every second of the day, but she will give you a part of '
          "her that she knows you can break—her heart. So don't hurt her, "
          "don't change her, don't analyze and don't expect more than she can "
          'give. Smile when she makes you happy, let her know when she makes '
          "you mad, and miss her when she's not there.”"}
{'author': 'Bob Marley',
 'identifier': '$Bob Marley:“You may not be her first, her last, or her only. '
               'She loved before she may love again. But if she loves you now, '
               "what else matters? She's not perfect—you aren't either, and "
               'the two of you may never be perfect together but if she can '
               'make you laugh, cause you to think twice, and admit to being '
               'human and making mistakes, hold onto her and give her the most '
               'you can. She may not be thinking about you every second of the '
               'day, but she will give you a part of her that she knows you '
               "can break—her heart. So don't hurt her, don't change her, "
               "don't analyze and don't expect more than she can give. Smile "
               'when she makes you happy, let her know when she makes you mad, '
               "and miss her when she's not there.”",
 'qoute': '“You may not be her first, her last, or her only. She loved before '
          'she may love again. But if she loves you now, what else matters? '
          "She's not perfect—you aren't either, and the two of you may never "
          'be perfect together but if she can make you laugh, cause you to '
          'think twice, and admit to being human and making mistakes, hold '
          'onto her and give her the most you can. She may not be thinking '
          'about you every second of the day, but she will give you a part of '
          "her that she knows you can break—her heart. So don't hurt her, "
          "don't change her, don't analyze and don't expect more than she can "
          'give. Smile when she makes you happy, let her know when she makes '
          "you mad, and miss her when she's not there.”"}
2024-09-02 10:52:02 [scrapy.core.scraper] WARNING: Dropped: Duplicate item found: {'author': 'Dr. Seuss',
 'identifier': '$Dr. Seuss:“I like nonsense, it wakes up the brain cells. '
               'Fantasy is a necessary ingredient in living.”',
 'qoute': '“I like nonsense, it wakes up the brain cells. Fantasy is a '
          'necessary ingredient in living.”'}
{'author': 'Dr. Seuss',
 'identifier': '$Dr. Seuss:“I like nonsense, it wakes up the brain cells. '
               'Fantasy is a necessary ingredient in living.”',
 'qoute': '“I like nonsense, it wakes up the brain cells. Fantasy is a '
          'necessary ingredient in living.”'}
2024-09-02 10:52:02 [scrapy.core.scraper] WARNING: Dropped: Duplicate item found: {'author': 'Douglas Adams',
 'identifier': '$Douglas Adams:“I may not have gone where I intended to go, '
               'but I think I have ended up where I needed to be.”',
 'qoute': '“I may not have gone where I intended to go, but I think I have '
          'ended up where I needed to be.”'}
{'author': 'Douglas Adams',
 'identifier': '$Douglas Adams:“I may not have gone where I intended to go, '
               'but I think I have ended up where I needed to be.”',
 'qoute': '“I may not have gone where I intended to go, but I think I have '
          'ended up where I needed to be.”'}
2024-09-02 10:52:02 [scrapy.core.scraper] WARNING: Dropped: Duplicate item found: {'author': 'Elie Wiesel',
 'identifier': "$Elie Wiesel:“The opposite of love is not hate, it's "
               "indifference. The opposite of art is not ugliness, it's "
               "indifference. The opposite of faith is not heresy, it's "
               "indifference. And the opposite of life is not death, it's "
               'indifference.”',
 'qoute': "“The opposite of love is not hate, it's indifference. The opposite "
          "of art is not ugliness, it's indifference. The opposite of faith is "
          "not heresy, it's indifference. And the opposite of life is not "
          "death, it's indifference.”"}
{'author': 'Elie Wiesel',
 'identifier': "$Elie Wiesel:“The opposite of love is not hate, it's "
               "indifference. The opposite of art is not ugliness, it's "
               "indifference. The opposite of faith is not heresy, it's "
               "indifference. And the opposite of life is not death, it's "
               'indifference.”',
 'qoute': "“The opposite of love is not hate, it's indifference. The opposite "
          "of art is not ugliness, it's indifference. The opposite of faith is "
          "not heresy, it's indifference. And the opposite of life is not "
          "death, it's indifference.”"}
2024-09-02 10:52:02 [scrapy.core.scraper] WARNING: Dropped: Duplicate item found: {'author': 'Friedrich Nietzsche',
 'identifier': '$Friedrich Nietzsche:“It is not a lack of love, but a lack of '
               'friendship that makes unhappy marriages.”',
 'qoute': '“It is not a lack of love, but a lack of friendship that makes '
          'unhappy marriages.”'}
{'author': 'Friedrich Nietzsche',
 'identifier': '$Friedrich Nietzsche:“It is not a lack of love, but a lack of '
               'friendship that makes unhappy marriages.”',
 'qoute': '“It is not a lack of love, but a lack of friendship that makes '
          'unhappy marriages.”'}
2024-09-02 10:52:03 [scrapy.core.scraper] WARNING: Dropped: Duplicate item found: {'author': 'Mark Twain',
 'identifier': '$Mark Twain:“Good friends, good books, and a sleepy '
               'conscience: this is the ideal life.”',
 'qoute': '“Good friends, good books, and a sleepy conscience: this is the '
          'ideal life.”'}
{'author': 'Mark Twain',
 'identifier': '$Mark Twain:“Good friends, good books, and a sleepy '
               'conscience: this is the ideal life.”',
 'qoute': '“Good friends, good books, and a sleepy conscience: this is the '
          'ideal life.”'}
2024-09-02 10:52:03 [scrapy.core.scraper] WARNING: Dropped: Duplicate item found: {'author': 'Allen Saunders',
 'identifier': '$Allen Saunders:“Life is what happens to us while we are '
               'making other plans.”',
 'qoute': '“Life is what happens to us while we are making other plans.”'}
{'author': 'Allen Saunders',
 'identifier': '$Allen Saunders:“Life is what happens to us while we are '
               'making other plans.”',
 'qoute': '“Life is what happens to us while we are making other plans.”'}
2024-09-02 10:52:03 [scrapy.core.scraper] WARNING: Dropped: Duplicate item found: {'author': 'Albert Einstein',
 'identifier': '$Albert Einstein:“The world as we have created it is a process '
               'of our thinking. It cannot be changed without changing our '
               'thinking.”',
 'qoute': '“The world as we have created it is a process of our thinking. It '
          'cannot be changed without changing our thinking.”'}
{'author': 'Albert Einstein',
 'identifier': '$Albert Einstein:“The world as we have created it is a process '
               'of our thinking. It cannot be changed without changing our '
               'thinking.”',
 'qoute': '“The world as we have created it is a process of our thinking. It '
          'cannot be changed without changing our thinking.”'}
2024-09-02 10:52:03 [scrapy.core.scraper] WARNING: Dropped: Duplicate item found: {'author': 'J.K. Rowling',
 'identifier': '$J.K. Rowling:“It is our choices, Harry, that show what we '
               'truly are, far more than our abilities.”',
 'qoute': '“It is our choices, Harry, that show what we truly are, far more '
          'than our abilities.”'}
{'author': 'J.K. Rowling',
 'identifier': '$J.K. Rowling:“It is our choices, Harry, that show what we '
               'truly are, far more than our abilities.”',
 'qoute': '“It is our choices, Harry, that show what we truly are, far more '
          'than our abilities.”'}
2024-09-02 10:52:03 [scrapy.core.scraper] WARNING: Dropped: Duplicate item found: {'author': 'Albert Einstein',
 'identifier': '$Albert Einstein:“There are only two ways to live your life. '
               'One is as though nothing is a miracle. The other is as though '
               'everything is a miracle.”',
 'qoute': '“There are only two ways to live your life. One is as though '
          'nothing is a miracle. The other is as though everything is a '
          'miracle.”'}
{'author': 'Albert Einstein',
 'identifier': '$Albert Einstein:“There are only two ways to live your life. '
               'One is as though nothing is a miracle. The other is as though '
               'everything is a miracle.”',
 'qoute': '“There are only two ways to live your life. One is as though '
          'nothing is a miracle. The other is as though everything is a '
          'miracle.”'}
2024-09-02 10:52:03 [scrapy.core.scraper] WARNING: Dropped: Duplicate item found: {'author': 'Jane Austen',
 'identifier': '$Jane Austen:“The person, be it gentleman or lady, who has not '
               'pleasure in a good novel, must be intolerably stupid.”',
 'qoute': '“The person, be it gentleman or lady, who has not pleasure in a '
          'good novel, must be intolerably stupid.”'}
{'author': 'Jane Austen',
 'identifier': '$Jane Austen:“The person, be it gentleman or lady, who has not '
               'pleasure in a good novel, must be intolerably stupid.”',
 'qoute': '“The person, be it gentleman or lady, who has not pleasure in a '
          'good novel, must be intolerably stupid.”'}
2024-09-02 10:52:03 [scrapy.core.scraper] WARNING: Dropped: Duplicate item found: {'author': 'Marilyn Monroe',
 'identifier': '$Marilyn Monroe:“Imperfection is beauty, madness is genius and '
               "it's better to be absolutely ridiculous than absolutely "
               'boring.”',
 'qoute': "“Imperfection is beauty, madness is genius and it's better to be "
          'absolutely ridiculous than absolutely boring.”'}
{'author': 'Marilyn Monroe',
 'identifier': '$Marilyn Monroe:“Imperfection is beauty, madness is genius and '
               "it's better to be absolutely ridiculous than absolutely "
               'boring.”',
 'qoute': "“Imperfection is beauty, madness is genius and it's better to be "
          'absolutely ridiculous than absolutely boring.”'}
2024-09-02 10:52:03 [scrapy.core.scraper] WARNING: Dropped: Duplicate item found: {'author': 'Albert Einstein',
 'identifier': '$Albert Einstein:“Try not to become a man of success. Rather '
               'become a man of value.”',
 'qoute': '“Try not to become a man of success. Rather become a man of value.”'}
{'author': 'Albert Einstein',
 'identifier': '$Albert Einstein:“Try not to become a man of success. Rather '
               'become a man of value.”',
 'qoute': '“Try not to become a man of success. Rather become a man of value.”'}
2024-09-02 10:52:03 [scrapy.core.scraper] WARNING: Dropped: Duplicate item found: {'author': 'André Gide',
 'identifier': '$André Gide:“It is better to be hated for what you are than to '
               'be loved for what you are not.”',
 'qoute': '“It is better to be hated for what you are than to be loved for '
          'what you are not.”'}
{'author': 'André Gide',
 'identifier': '$André Gide:“It is better to be hated for what you are than to '
               'be loved for what you are not.”',
 'qoute': '“It is better to be hated for what you are than to be loved for '
          'what you are not.”'}
2024-09-02 10:52:03 [scrapy.core.scraper] WARNING: Dropped: Duplicate item found: {'author': 'Thomas A. Edison',
 'identifier': "$Thomas A. Edison:“I have not failed. I've just found 10,000 "
               "ways that won't work.”",
 'qoute': "“I have not failed. I've just found 10,000 ways that won't work.”"}
{'author': 'Thomas A. Edison',
 'identifier': "$Thomas A. Edison:“I have not failed. I've just found 10,000 "
               "ways that won't work.”",
 'qoute': "“I have not failed. I've just found 10,000 ways that won't work.”"}
2024-09-02 10:52:03 [scrapy.core.scraper] WARNING: Dropped: Duplicate item found: {'author': 'Eleanor Roosevelt',
 'identifier': '$Eleanor Roosevelt:“A woman is like a tea bag; you never know '
               "how strong it is until it's in hot water.”",
 'qoute': '“A woman is like a tea bag; you never know how strong it is until '
          "it's in hot water.”"}
{'author': 'Eleanor Roosevelt',
 'identifier': '$Eleanor Roosevelt:“A woman is like a tea bag; you never know '
               "how strong it is until it's in hot water.”",
 'qoute': '“A woman is like a tea bag; you never know how strong it is until '
          "it's in hot water.”"}
2024-09-02 10:52:03 [scrapy.core.scraper] WARNING: Dropped: Duplicate item found: {'author': 'Steve Martin',
 'identifier': '$Steve Martin:“A day without sunshine is like, you know, '
               'night.”',
 'qoute': '“A day without sunshine is like, you know, night.”'}
{'author': 'Steve Martin',
 'identifier': '$Steve Martin:“A day without sunshine is like, you know, '
               'night.”',
 'qoute': '“A day without sunshine is like, you know, night.”'}
2024-09-02 10:52:50 [py.warnings] WARNING: /home/jevonx/Documents/Projects/scrapy_mongodb/venv/lib/python3.12/site-packages/pymongo/ocsp_support.py:280: CryptographyDeprecationWarning: Properties that return a naïve datetime object have been deprecated. Please switch to this_update_utc.
  if response.this_update > now:

2024-09-02 10:52:50 [py.warnings] WARNING: /home/jevonx/Documents/Projects/scrapy_mongodb/venv/lib/python3.12/site-packages/pymongo/ocsp_support.py:284: CryptographyDeprecationWarning: Properties that return a naïve datetime object have been deprecated. Please switch to next_update_utc.
  if response.next_update and response.next_update < now:

2024-09-02 10:52:50 [py.warnings] WARNING: /home/jevonx/Documents/Projects/scrapy_mongodb/venv/lib/python3.12/site-packages/pymongo/ocsp_cache.py:65: CryptographyDeprecationWarning: Properties that return a naïve datetime object have been deprecated. Please switch to next_update_utc.
  if value.next_update is None:

2024-09-02 10:52:50 [py.warnings] WARNING: /home/jevonx/Documents/Projects/scrapy_mongodb/venv/lib/python3.12/site-packages/pymongo/ocsp_cache.py:71: CryptographyDeprecationWarning: Properties that return a naïve datetime object have been deprecated. Please switch to this_update_utc.
  value.this_update

2024-09-02 10:52:50 [py.warnings] WARNING: /home/jevonx/Documents/Projects/scrapy_mongodb/venv/lib/python3.12/site-packages/pymongo/ocsp_cache.py:73: CryptographyDeprecationWarning: Properties that return a naïve datetime object have been deprecated. Please switch to next_update_utc.
  < value.next_update

2024-09-02 10:52:50 [py.warnings] WARNING: /home/jevonx/Documents/Projects/scrapy_mongodb/venv/lib/python3.12/site-packages/pymongo/ocsp_cache.py:81: CryptographyDeprecationWarning: Properties that return a naïve datetime object have been deprecated. Please switch to next_update_utc.
  cached_value.next_update is not None

2024-09-02 10:52:50 [py.warnings] WARNING: /home/jevonx/Documents/Projects/scrapy_mongodb/venv/lib/python3.12/site-packages/pymongo/ocsp_cache.py:82: CryptographyDeprecationWarning: Properties that return a naïve datetime object have been deprecated. Please switch to next_update_utc.
  and cached_value.next_update < value.next_update

2024-09-02 10:52:50 [py.warnings] WARNING: /home/jevonx/Documents/Projects/scrapy_mongodb/venv/lib/python3.12/site-packages/pymongo/ocsp_cache.py:98: CryptographyDeprecationWarning: Properties that return a naïve datetime object have been deprecated. Please switch to this_update_utc.
  assert value.this_update is not None

2024-09-02 10:52:50 [py.warnings] WARNING: /home/jevonx/Documents/Projects/scrapy_mongodb/venv/lib/python3.12/site-packages/pymongo/ocsp_cache.py:99: CryptographyDeprecationWarning: Properties that return a naïve datetime object have been deprecated. Please switch to next_update_utc.
  assert value.next_update is not None

2024-09-02 10:52:50 [py.warnings] WARNING: /home/jevonx/Documents/Projects/scrapy_mongodb/venv/lib/python3.12/site-packages/pymongo/ocsp_cache.py:101: CryptographyDeprecationWarning: Properties that return a naïve datetime object have been deprecated. Please switch to this_update_utc.
  value.this_update

2024-09-02 10:52:50 [py.warnings] WARNING: /home/jevonx/Documents/Projects/scrapy_mongodb/venv/lib/python3.12/site-packages/pymongo/ocsp_cache.py:103: CryptographyDeprecationWarning: Properties that return a naïve datetime object have been deprecated. Please switch to next_update_utc.
  < value.next_update

2024-09-02 10:54:10 [py.warnings] WARNING: /home/jevonx/Documents/Projects/scrapy_mongodb/venv/lib/python3.12/site-packages/pymongo/ocsp_support.py:280: CryptographyDeprecationWarning: Properties that return a naïve datetime object have been deprecated. Please switch to this_update_utc.
  if response.this_update > now:

2024-09-02 10:54:10 [py.warnings] WARNING: /home/jevonx/Documents/Projects/scrapy_mongodb/venv/lib/python3.12/site-packages/pymongo/ocsp_support.py:284: CryptographyDeprecationWarning: Properties that return a naïve datetime object have been deprecated. Please switch to next_update_utc.
  if response.next_update and response.next_update < now:

2024-09-02 10:54:10 [py.warnings] WARNING: /home/jevonx/Documents/Projects/scrapy_mongodb/venv/lib/python3.12/site-packages/pymongo/ocsp_cache.py:65: CryptographyDeprecationWarning: Properties that return a naïve datetime object have been deprecated. Please switch to next_update_utc.
  if value.next_update is None:

2024-09-02 10:54:10 [py.warnings] WARNING: /home/jevonx/Documents/Projects/scrapy_mongodb/venv/lib/python3.12/site-packages/pymongo/ocsp_cache.py:71: CryptographyDeprecationWarning: Properties that return a naïve datetime object have been deprecated. Please switch to this_update_utc.
  value.this_update

2024-09-02 10:54:10 [py.warnings] WARNING: /home/jevonx/Documents/Projects/scrapy_mongodb/venv/lib/python3.12/site-packages/pymongo/ocsp_cache.py:73: CryptographyDeprecationWarning: Properties that return a naïve datetime object have been deprecated. Please switch to next_update_utc.
  < value.next_update

2024-09-02 10:54:10 [py.warnings] WARNING: /home/jevonx/Documents/Projects/scrapy_mongodb/venv/lib/python3.12/site-packages/pymongo/ocsp_cache.py:81: CryptographyDeprecationWarning: Properties that return a naïve datetime object have been deprecated. Please switch to next_update_utc.
  cached_value.next_update is not None

2024-09-02 10:54:10 [py.warnings] WARNING: /home/jevonx/Documents/Projects/scrapy_mongodb/venv/lib/python3.12/site-packages/pymongo/ocsp_cache.py:82: CryptographyDeprecationWarning: Properties that return a naïve datetime object have been deprecated. Please switch to next_update_utc.
  and cached_value.next_update < value.next_update

2024-09-02 10:54:10 [py.warnings] WARNING: /home/jevonx/Documents/Projects/scrapy_mongodb/venv/lib/python3.12/site-packages/pymongo/ocsp_cache.py:98: CryptographyDeprecationWarning: Properties that return a naïve datetime object have been deprecated. Please switch to this_update_utc.
  assert value.this_update is not None

2024-09-02 10:54:10 [py.warnings] WARNING: /home/jevonx/Documents/Projects/scrapy_mongodb/venv/lib/python3.12/site-packages/pymongo/ocsp_cache.py:99: CryptographyDeprecationWarning: Properties that return a naïve datetime object have been deprecated. Please switch to next_update_utc.
  assert value.next_update is not None

2024-09-02 10:54:10 [py.warnings] WARNING: /home/jevonx/Documents/Projects/scrapy_mongodb/venv/lib/python3.12/site-packages/pymongo/ocsp_cache.py:101: CryptographyDeprecationWarning: Properties that return a naïve datetime object have been deprecated. Please switch to this_update_utc.
  value.this_update

2024-09-02 10:54:10 [py.warnings] WARNING: /home/jevonx/Documents/Projects/scrapy_mongodb/venv/lib/python3.12/site-packages/pymongo/ocsp_cache.py:103: CryptographyDeprecationWarning: Properties that return a naïve datetime object have been deprecated. Please switch to next_update_utc.
  < value.next_update

2024-09-02 10:54:34 [py.warnings] WARNING: /home/jevonx/Documents/Projects/scrapy_mongodb/venv/lib/python3.12/site-packages/pymongo/ocsp_support.py:280: CryptographyDeprecationWarning: Properties that return a naïve datetime object have been deprecated. Please switch to this_update_utc.
  if response.this_update > now:

2024-09-02 10:54:34 [py.warnings] WARNING: /home/jevonx/Documents/Projects/scrapy_mongodb/venv/lib/python3.12/site-packages/pymongo/ocsp_support.py:284: CryptographyDeprecationWarning: Properties that return a naïve datetime object have been deprecated. Please switch to next_update_utc.
  if response.next_update and response.next_update < now:

2024-09-02 10:54:34 [py.warnings] WARNING: /home/jevonx/Documents/Projects/scrapy_mongodb/venv/lib/python3.12/site-packages/pymongo/ocsp_cache.py:65: CryptographyDeprecationWarning: Properties that return a naïve datetime object have been deprecated. Please switch to next_update_utc.
  if value.next_update is None:

2024-09-02 10:54:34 [py.warnings] WARNING: /home/jevonx/Documents/Projects/scrapy_mongodb/venv/lib/python3.12/site-packages/pymongo/ocsp_cache.py:71: CryptographyDeprecationWarning: Properties that return a naïve datetime object have been deprecated. Please switch to this_update_utc.
  value.this_update

2024-09-02 10:54:34 [py.warnings] WARNING: /home/jevonx/Documents/Projects/scrapy_mongodb/venv/lib/python3.12/site-packages/pymongo/ocsp_cache.py:73: CryptographyDeprecationWarning: Properties that return a naïve datetime object have been deprecated. Please switch to next_update_utc.
  < value.next_update

2024-09-02 10:54:34 [py.warnings] WARNING: /home/jevonx/Documents/Projects/scrapy_mongodb/venv/lib/python3.12/site-packages/pymongo/ocsp_cache.py:81: CryptographyDeprecationWarning: Properties that return a naïve datetime object have been deprecated. Please switch to next_update_utc.
  cached_value.next_update is not None

2024-09-02 10:54:34 [py.warnings] WARNING: /home/jevonx/Documents/Projects/scrapy_mongodb/venv/lib/python3.12/site-packages/pymongo/ocsp_cache.py:82: CryptographyDeprecationWarning: Properties that return a naïve datetime object have been deprecated. Please switch to next_update_utc.
  and cached_value.next_update < value.next_update

2024-09-02 10:54:34 [py.warnings] WARNING: /home/jevonx/Documents/Projects/scrapy_mongodb/venv/lib/python3.12/site-packages/pymongo/ocsp_cache.py:98: CryptographyDeprecationWarning: Properties that return a naïve datetime object have been deprecated. Please switch to this_update_utc.
  assert value.this_update is not None

2024-09-02 10:54:34 [py.warnings] WARNING: /home/jevonx/Documents/Projects/scrapy_mongodb/venv/lib/python3.12/site-packages/pymongo/ocsp_cache.py:99: CryptographyDeprecationWarning: Properties that return a naïve datetime object have been deprecated. Please switch to next_update_utc.
  assert value.next_update is not None

2024-09-02 10:54:34 [py.warnings] WARNING: /home/jevonx/Documents/Projects/scrapy_mongodb/venv/lib/python3.12/site-packages/pymongo/ocsp_cache.py:101: CryptographyDeprecationWarning: Properties that return a naïve datetime object have been deprecated. Please switch to this_update_utc.
  value.this_update

2024-09-02 10:54:34 [py.warnings] WARNING: /home/jevonx/Documents/Projects/scrapy_mongodb/venv/lib/python3.12/site-packages/pymongo/ocsp_cache.py:103: CryptographyDeprecationWarning: Properties that return a naïve datetime object have been deprecated. Please switch to next_update_utc.
  < value.next_update

2024-09-02 10:54:44 [py.warnings] WARNING: /home/jevonx/Documents/Projects/scrapy_mongodb/venv/lib/python3.12/site-packages/pymongo/ocsp_support.py:280: CryptographyDeprecationWarning: Properties that return a naïve datetime object have been deprecated. Please switch to this_update_utc.
  if response.this_update > now:

2024-09-02 10:54:44 [py.warnings] WARNING: /home/jevonx/Documents/Projects/scrapy_mongodb/venv/lib/python3.12/site-packages/pymongo/ocsp_support.py:284: CryptographyDeprecationWarning: Properties that return a naïve datetime object have been deprecated. Please switch to next_update_utc.
  if response.next_update and response.next_update < now:

2024-09-02 10:54:44 [py.warnings] WARNING: /home/jevonx/Documents/Projects/scrapy_mongodb/venv/lib/python3.12/site-packages/pymongo/ocsp_cache.py:65: CryptographyDeprecationWarning: Properties that return a naïve datetime object have been deprecated. Please switch to next_update_utc.
  if value.next_update is None:

2024-09-02 10:54:44 [py.warnings] WARNING: /home/jevonx/Documents/Projects/scrapy_mongodb/venv/lib/python3.12/site-packages/pymongo/ocsp_cache.py:71: CryptographyDeprecationWarning: Properties that return a naïve datetime object have been deprecated. Please switch to this_update_utc.
  value.this_update

2024-09-02 10:54:44 [py.warnings] WARNING: /home/jevonx/Documents/Projects/scrapy_mongodb/venv/lib/python3.12/site-packages/pymongo/ocsp_cache.py:73: CryptographyDeprecationWarning: Properties that return a naïve datetime object have been deprecated. Please switch to next_update_utc.
  < value.next_update

2024-09-02 10:54:44 [py.warnings] WARNING: /home/jevonx/Documents/Projects/scrapy_mongodb/venv/lib/python3.12/site-packages/pymongo/ocsp_cache.py:81: CryptographyDeprecationWarning: Properties that return a naïve datetime object have been deprecated. Please switch to next_update_utc.
  cached_value.next_update is not None

2024-09-02 10:54:44 [py.warnings] WARNING: /home/jevonx/Documents/Projects/scrapy_mongodb/venv/lib/python3.12/site-packages/pymongo/ocsp_cache.py:82: CryptographyDeprecationWarning: Properties that return a naïve datetime object have been deprecated. Please switch to next_update_utc.
  and cached_value.next_update < value.next_update

2024-09-02 10:54:45 [py.warnings] WARNING: /home/jevonx/Documents/Projects/scrapy_mongodb/venv/lib/python3.12/site-packages/pymongo/ocsp_cache.py:98: CryptographyDeprecationWarning: Properties that return a naïve datetime object have been deprecated. Please switch to this_update_utc.
  assert value.this_update is not None

2024-09-02 10:54:45 [py.warnings] WARNING: /home/jevonx/Documents/Projects/scrapy_mongodb/venv/lib/python3.12/site-packages/pymongo/ocsp_cache.py:99: CryptographyDeprecationWarning: Properties that return a naïve datetime object have been deprecated. Please switch to next_update_utc.
  assert value.next_update is not None

2024-09-02 10:54:45 [py.warnings] WARNING: /home/jevonx/Documents/Projects/scrapy_mongodb/venv/lib/python3.12/site-packages/pymongo/ocsp_cache.py:101: CryptographyDeprecationWarning: Properties that return a naïve datetime object have been deprecated. Please switch to this_update_utc.
  value.this_update

2024-09-02 10:54:45 [py.warnings] WARNING: /home/jevonx/Documents/Projects/scrapy_mongodb/venv/lib/python3.12/site-packages/pymongo/ocsp_cache.py:103: CryptographyDeprecationWarning: Properties that return a naïve datetime object have been deprecated. Please switch to next_update_utc.
  < value.next_update

2024-09-02 10:55:00 [py.warnings] WARNING: /home/jevonx/Documents/Projects/scrapy_mongodb/venv/lib/python3.12/site-packages/pymongo/ocsp_support.py:280: CryptographyDeprecationWarning: Properties that return a naïve datetime object have been deprecated. Please switch to this_update_utc.
  if response.this_update > now:

2024-09-02 10:55:00 [py.warnings] WARNING: /home/jevonx/Documents/Projects/scrapy_mongodb/venv/lib/python3.12/site-packages/pymongo/ocsp_support.py:284: CryptographyDeprecationWarning: Properties that return a naïve datetime object have been deprecated. Please switch to next_update_utc.
  if response.next_update and response.next_update < now:

2024-09-02 10:55:00 [py.warnings] WARNING: /home/jevonx/Documents/Projects/scrapy_mongodb/venv/lib/python3.12/site-packages/pymongo/ocsp_cache.py:65: CryptographyDeprecationWarning: Properties that return a naïve datetime object have been deprecated. Please switch to next_update_utc.
  if value.next_update is None:

2024-09-02 10:55:00 [py.warnings] WARNING: /home/jevonx/Documents/Projects/scrapy_mongodb/venv/lib/python3.12/site-packages/pymongo/ocsp_cache.py:71: CryptographyDeprecationWarning: Properties that return a naïve datetime object have been deprecated. Please switch to this_update_utc.
  value.this_update

2024-09-02 10:55:00 [py.warnings] WARNING: /home/jevonx/Documents/Projects/scrapy_mongodb/venv/lib/python3.12/site-packages/pymongo/ocsp_cache.py:73: CryptographyDeprecationWarning: Properties that return a naïve datetime object have been deprecated. Please switch to next_update_utc.
  < value.next_update

2024-09-02 10:55:00 [py.warnings] WARNING: /home/jevonx/Documents/Projects/scrapy_mongodb/venv/lib/python3.12/site-packages/pymongo/ocsp_cache.py:81: CryptographyDeprecationWarning: Properties that return a naïve datetime object have been deprecated. Please switch to next_update_utc.
  cached_value.next_update is not None

2024-09-02 10:55:00 [py.warnings] WARNING: /home/jevonx/Documents/Projects/scrapy_mongodb/venv/lib/python3.12/site-packages/pymongo/ocsp_cache.py:82: CryptographyDeprecationWarning: Properties that return a naïve datetime object have been deprecated. Please switch to next_update_utc.
  and cached_value.next_update < value.next_update

2024-09-02 10:55:00 [py.warnings] WARNING: /home/jevonx/Documents/Projects/scrapy_mongodb/venv/lib/python3.12/site-packages/pymongo/ocsp_cache.py:98: CryptographyDeprecationWarning: Properties that return a naïve datetime object have been deprecated. Please switch to this_update_utc.
  assert value.this_update is not None

2024-09-02 10:55:00 [py.warnings] WARNING: /home/jevonx/Documents/Projects/scrapy_mongodb/venv/lib/python3.12/site-packages/pymongo/ocsp_cache.py:99: CryptographyDeprecationWarning: Properties that return a naïve datetime object have been deprecated. Please switch to next_update_utc.
  assert value.next_update is not None

2024-09-02 10:55:00 [py.warnings] WARNING: /home/jevonx/Documents/Projects/scrapy_mongodb/venv/lib/python3.12/site-packages/pymongo/ocsp_cache.py:101: CryptographyDeprecationWarning: Properties that return a naïve datetime object have been deprecated. Please switch to this_update_utc.
  value.this_update

2024-09-02 10:55:00 [py.warnings] WARNING: /home/jevonx/Documents/Projects/scrapy_mongodb/venv/lib/python3.12/site-packages/pymongo/ocsp_cache.py:103: CryptographyDeprecationWarning: Properties that return a naïve datetime object have been deprecated. Please switch to next_update_utc.
  < value.next_update

